Determining if the pthread_create exist failed with the following output:
Change Dir: /home/wanghu26/battery_ws/build/CMakeFiles/CMakeTmp

Run Build Command:"/usr/bin/make" "cmTC_894e8/fast"
/usr/bin/make -f CMakeFiles/cmTC_894e8.dir/build.make CMakeFiles/cmTC_894e8.dir/build
make[1]: Entering directory '/home/wanghu26/battery_ws/build/CMakeFiles/CMakeTmp'
Building C object CMakeFiles/cmTC_894e8.dir/CheckSymbolExists.c.o
/usr/bin/cc     -o CMakeFiles/cmTC_894e8.dir/CheckSymbolExists.c.o   -c /home/wanghu26/battery_ws/build/CMakeFiles/CMakeTmp/CheckSymbolExists.c
Linking C executable cmTC_894e8
/usr/bin/cmake -E cmake_link_script CMakeFiles/cmTC_894e8.dir/link.txt --verbose=1
/usr/bin/cc       CMakeFiles/cmTC_894e8.dir/CheckSymbolExists.c.o  -o cmTC_894e8 -rdynamic 
CMakeFiles/cmTC_894e8.dir/CheckSymbolExists.c.o: In function `main':
CheckSymbolExists.c:(.text+0x16): undefined reference to `pthread_create'
collect2: error: ld returned 1 exit status
CMakeFiles/cmTC_894e8.dir/build.make:97: recipe for target 'cmTC_894e8' failed
make[1]: *** [cmTC_894e8] Error 1
make[1]: Leaving directory '/home/wanghu26/battery_ws/build/CMakeFiles/CMakeTmp'
Makefile:126: recipe for target 'cmTC_894e8/fast' failed
make: *** [cmTC_894e8/fast] Error 2

File /home/wanghu26/battery_ws/build/CMakeFiles/CMakeTmp/CheckSymbolExists.c:
/* */
#include <pthread.h>

int main(int argc, char** argv)
{
  (void)argv;
#ifndef pthread_create
  return ((int*)(&pthread_create))[argc];
#else
  (void)argc;
  return 0;
#endif
}

Determining if the function pthread_create exists in the pthreads failed with the following output:
Change Dir: /home/wanghu26/battery_ws/build/CMakeFiles/CMakeTmp

Run Build Command:"/usr/bin/make" "cmTC_bf12f/fast"
/usr/bin/make -f CMakeFiles/cmTC_bf12f.dir/build.make CMakeFiles/cmTC_bf12f.dir/build
make[1]: Entering directory '/home/wanghu26/battery_ws/build/CMakeFiles/CMakeTmp'
Building C object CMakeFiles/cmTC_bf12f.dir/CheckFunctionExists.c.o
/usr/bin/cc    -DCHECK_FUNCTION_EXISTS=pthread_create   -o CMakeFiles/cmTC_bf12f.dir/CheckFunctionExists.c.o   -c /usr/share/cmake-3.5/Modules/CheckFunctionExists.c
Linking C executable cmTC_bf12f
/usr/bin/cmake -E cmake_link_script CMakeFiles/cmTC_bf12f.dir/link.txt --verbose=1
/usr/bin/cc   -DCHECK_FUNCTION_EXISTS=pthread_create    CMakeFiles/cmTC_bf12f.dir/CheckFunctionExists.c.o  -o cmTC_bf12f -rdynamic -lpthreads 
/usr/bin/ld: cannot find -lpthreads
collect2: error: ld returned 1 exit status
CMakeFiles/cmTC_bf12f.dir/build.make:97: recipe for target 'cmTC_bf12f' failed
make[1]: *** [cmTC_bf12f] Error 1
make[1]: Leaving directory '/home/wanghu26/battery_ws/build/CMakeFiles/CMakeTmp'
Makefile:126: recipe for target 'cmTC_bf12f/fast' failed
make: *** [cmTC_bf12f/fast] Error 2


